TN:
SF:src/App.jsx
FN:8,(anonymous_0)
FN:13,AppRoutes
FN:30,App
FNF:3
FNH:2
FNDA:0,(anonymous_0)
FNDA:1,AppRoutes
FNDA:1,App
DA:8,1
DA:9,0
DA:10,0
DA:14,1
DA:31,1
LF:5
LH:3
BRDA:10,0,0,0
BRDA:10,0,1,0
BRF:2
BRH:0
end_of_record
TN:
SF:src/components/ChatMessage.jsx
FN:3,(anonymous_0)
FN:7,(anonymous_1)
FN:20,(anonymous_2)
FN:28,(anonymous_3)
FN:30,(anonymous_4)
FN:34,(anonymous_5)
FN:36,(anonymous_6)
FN:51,(anonymous_7)
FNF:8
FNH:7
FNDA:4,(anonymous_0)
FNDA:4,(anonymous_1)
FNDA:4,(anonymous_2)
FNDA:4,(anonymous_3)
FNDA:4,(anonymous_4)
FNDA:4,(anonymous_5)
FNDA:4,(anonymous_6)
FNDA:0,(anonymous_7)
DA:3,3
DA:5,4
DA:7,4
DA:8,4
DA:10,0
DA:11,0
DA:19,4
DA:20,4
DA:22,4
DA:23,4
DA:28,3
DA:30,4
DA:31,4
DA:34,4
DA:36,4
DA:39,4
DA:40,4
DA:41,0
DA:43,0
DA:45,0
DA:46,0
DA:51,0
DA:60,4
DA:61,4
DA:63,4
DA:71,4
LF:26
LH:19
BRDA:8,0,0,0
BRDA:8,0,1,4
BRDA:10,1,0,0
BRDA:10,1,1,0
BRDA:22,2,0,0
BRDA:22,2,1,4
BRDA:31,3,0,0
BRDA:31,3,1,4
BRDA:39,4,0,4
BRDA:39,4,1,4
BRDA:40,5,0,0
BRDA:40,5,1,4
BRDA:40,6,0,4
BRDA:40,6,1,3
BRDA:45,7,0,0
BRDA:45,7,1,0
BRDA:45,8,0,0
BRDA:45,8,1,0
BRDA:45,8,2,0
BRDA:61,9,0,0
BRDA:61,9,1,4
BRF:21
BRH:9
end_of_record
TN:
SF:src/components/TypingIndicator.jsx
FN:3,(anonymous_0)
FNF:1
FNH:1
FNDA:1,(anonymous_0)
DA:3,3
DA:4,1
LF:2
LH:2
BRF:0
BRH:0
end_of_record
TN:
SF:src/context/AuthContext.jsx
FN:6,(anonymous_0)
FN:8,(anonymous_1)
FN:9,(anonymous_2)
FN:11,(anonymous_3)
FN:12,(anonymous_4)
FN:17,(anonymous_5)
FNF:6
FNH:5
FNDA:9,(anonymous_0)
FNDA:3,(anonymous_1)
FNDA:3,(anonymous_2)
FNDA:3,(anonymous_3)
FNDA:1,(anonymous_4)
FNDA:0,(anonymous_5)
DA:3,3
DA:6,9
DA:8,3
DA:9,3
DA:11,3
DA:12,3
DA:13,1
DA:14,1
DA:17,3
DA:18,0
DA:19,0
DA:22,3
DA:25,3
LF:13
LH:11
BRF:0
BRH:0
end_of_record
TN:
SF:src/pages/AdminDashboard.jsx
FN:7,(anonymous_0)
FN:17,(anonymous_1)
FN:23,(anonymous_2)
FN:55,(anonymous_3)
FN:78,(anonymous_4)
FN:96,(anonymous_5)
FN:113,(anonymous_6)
FN:120,(anonymous_7)
FN:148,(anonymous_8)
FN:158,(anonymous_9)
FN:167,(anonymous_10)
FN:177,(anonymous_11)
FN:193,(anonymous_12)
FNF:13
FNH:5
FNDA:5,(anonymous_0)
FNDA:2,(anonymous_1)
FNDA:2,(anonymous_2)
FNDA:0,(anonymous_3)
FNDA:0,(anonymous_4)
FNDA:0,(anonymous_5)
FNDA:0,(anonymous_6)
FNDA:1,(anonymous_7)
FNDA:0,(anonymous_8)
FNDA:0,(anonymous_9)
FNDA:0,(anonymous_10)
FNDA:0,(anonymous_11)
FNDA:1,(anonymous_12)
DA:5,2
DA:7,2
DA:8,5
DA:9,5
DA:11,5
DA:12,5
DA:13,5
DA:14,5
DA:15,5
DA:17,5
DA:18,2
DA:19,0
DA:20,0
DA:23,2
DA:24,2
DA:25,2
DA:26,2
DA:27,2
DA:28,1
DA:31,1
DA:32,1
DA:33,1
DA:34,1
DA:37,1
DA:38,0
DA:42,1
DA:43,1
DA:46,0
DA:48,2
DA:52,2
DA:55,5
DA:56,0
DA:57,0
DA:60,0
DA:61,0
DA:63,0
DA:64,0
DA:65,0
DA:66,0
DA:68,0
DA:71,0
DA:74,0
DA:78,5
DA:79,0
DA:80,0
DA:81,0
DA:89,0
DA:90,0
DA:92,0
DA:96,5
DA:97,0
DA:98,0
DA:101,5
DA:113,0
DA:120,1
DA:148,0
DA:158,0
DA:167,0
DA:177,0
DA:194,1
LF:60
LH:32
BRDA:18,0,0,0
BRDA:18,0,1,2
BRDA:27,1,0,1
BRDA:27,1,1,1
BRDA:31,2,0,0
BRDA:31,2,1,1
BRDA:33,3,0,1
BRDA:33,3,1,0
BRDA:37,4,0,0
BRDA:37,4,1,1
BRDA:37,5,0,1
BRDA:37,5,1,1
BRDA:42,6,0,0
BRDA:42,6,1,1
BRDA:60,7,0,0
BRDA:60,7,1,0
BRDA:65,8,0,0
BRDA:65,8,1,0
BRDA:89,9,0,0
BRDA:89,9,1,0
BRDA:112,10,0,2
BRDA:112,10,1,3
BRDA:119,11,0,3
BRDA:119,11,1,2
BRDA:136,12,0,5
BRDA:136,12,1,2
BRDA:137,13,0,5
BRDA:137,13,1,0
BRDA:139,14,0,5
BRDA:139,14,1,3
BRDA:139,14,2,1
BRDA:139,14,3,1
BRDA:186,15,0,5
BRDA:186,15,1,3
BRDA:186,15,2,2
BRDA:189,16,0,1
BRDA:189,16,1,1
BRDA:202,17,0,1
BRDA:202,17,1,0
BRDA:194,18,0,1
BRDA:194,18,1,0
BRF:41
BRH:27
end_of_record
TN:
SF:src/pages/AdminLogin.jsx
FN:7,(anonymous_0)
FN:15,(anonymous_1)
FN:60,(anonymous_2)
FN:70,(anonymous_3)
FNF:4
FNH:4
FNDA:4,(anonymous_0)
FNDA:1,(anonymous_1)
FNDA:1,(anonymous_2)
FNDA:1,(anonymous_3)
DA:5,2
DA:7,2
DA:8,4
DA:9,4
DA:10,4
DA:11,4
DA:12,4
DA:13,4
DA:15,4
DA:16,1
DA:17,1
DA:18,1
DA:20,1
DA:21,1
DA:27,1
DA:28,0
DA:31,1
DA:32,1
DA:33,1
DA:35,0
DA:37,1
DA:41,4
DA:60,1
DA:70,1
LF:24
LH:22
BRDA:27,0,0,0
BRDA:27,0,1,1
BRDA:53,1,0,4
BRDA:53,1,1,0
BRDA:75,2,0,1
BRDA:75,2,1,3
BRF:6
BRH:4
end_of_record
TN:
SF:src/pages/Chatbot.jsx
FN:7,App
FN:17,(anonymous_1)
FN:21,(anonymous_2)
FN:26,(anonymous_3)
FN:27,(anonymous_4)
FN:54,(anonymous_5)
FN:64,(anonymous_6)
FN:90,(anonymous_7)
FN:102,(anonymous_8)
FN:115,(anonymous_9)
FN:138,(anonymous_10)
FN:161,(anonymous_11)
FNF:12
FNH:7
FNDA:5,App
FNDA:4,(anonymous_1)
FNDA:4,(anonymous_2)
FNDA:2,(anonymous_3)
FNDA:2,(anonymous_4)
FNDA:0,(anonymous_5)
FNDA:0,(anonymous_6)
FNDA:0,(anonymous_7)
FNDA:0,(anonymous_8)
FNDA:0,(anonymous_9)
FNDA:3,(anonymous_10)
FNDA:1,(anonymous_11)
DA:5,2
DA:8,5
DA:9,5
DA:10,5
DA:11,5
DA:12,5
DA:14,5
DA:17,5
DA:18,4
DA:21,5
DA:22,4
DA:26,5
DA:27,2
DA:28,2
DA:29,2
DA:32,2
DA:34,2
DA:35,2
DA:38,2
DA:46,0
DA:47,0
DA:51,2
DA:54,5
DA:55,0
DA:56,0
DA:58,0
DA:59,0
DA:61,0
DA:64,0
DA:72,0
DA:74,0
DA:75,0
DA:86,0
DA:88,0
DA:90,0
DA:99,0
DA:100,0
DA:102,0
DA:111,0
DA:115,5
DA:116,0
DA:117,0
DA:121,5
DA:139,3
DA:161,1
LF:45
LH:25
BRDA:32,0,0,0
BRDA:32,0,1,2
BRDA:40,1,0,2
BRDA:40,1,1,0
BRDA:55,2,0,0
BRDA:55,2,1,0
BRDA:56,3,0,0
BRDA:56,3,1,0
BRDA:56,4,0,0
BRDA:56,4,1,0
BRDA:56,4,2,0
BRDA:58,5,0,0
BRDA:58,5,1,0
BRDA:67,6,0,0
BRDA:67,6,1,0
BRDA:86,7,0,0
BRDA:86,7,1,0
BRDA:93,8,0,0
BRDA:93,8,1,0
BRDA:105,9,0,0
BRDA:105,9,1,0
BRDA:116,10,0,0
BRDA:116,10,1,0
BRDA:146,11,0,5
BRDA:146,11,1,0
BRDA:147,12,0,5
BRDA:147,12,1,0
BRDA:164,13,0,5
BRDA:164,13,1,3
BRDA:170,14,0,5
BRDA:170,14,1,1
BRDA:170,14,2,1
BRF:32
BRH:9
end_of_record
