TN:
SF:src/App.jsx
FN:10,(anonymous_0)
FN:15,AppRoutes
FN:35,App
FNF:3
FNH:2
FNDA:0,(anonymous_0)
FNDA:1,AppRoutes
FNDA:1,App
DA:10,1
DA:11,0
DA:12,0
DA:16,1
DA:36,1
LF:5
LH:3
BRDA:12,0,0,0
BRDA:12,0,1,0
BRF:2
BRH:0
end_of_record
TN:
SF:src/components/ChatMessage.jsx
FN:5,(anonymous_0)
FNF:1
FNH:1
FNDA:10,(anonymous_0)
DA:5,3
DA:6,10
LF:2
LH:2
BRF:0
BRH:0
end_of_record
TN:
SF:src/components/QuickReplyGroup.jsx
FN:3,(anonymous_0)
FN:29,(anonymous_1)
FN:65,(anonymous_2)
FN:73,(anonymous_3)
FN:79,(anonymous_4)
FNF:5
FNH:5
FNDA:11,(anonymous_0)
FNDA:11,(anonymous_1)
FNDA:1,(anonymous_2)
FNDA:6,(anonymous_3)
FNDA:1,(anonymous_4)
DA:3,3
DA:4,11
DA:6,11
DA:9,11
DA:10,11
DA:12,11
DA:16,11
DA:17,1
DA:21,11
DA:22,10
DA:23,3
DA:28,11
DA:29,11
DA:30,11
DA:31,11
DA:32,0
DA:36,0
DA:37,0
DA:43,11
DA:44,11
DA:49,1
DA:50,1
DA:51,10
DA:56,0
DA:57,0
DA:58,0
DA:61,11
DA:63,11
DA:65,5
DA:66,1
DA:67,1
DA:68,1
DA:71,5
DA:74,6
DA:79,1
LF:35
LH:29
BRDA:6,0,0,0
BRDA:6,0,1,11
BRDA:21,1,0,10
BRDA:21,1,1,1
BRDA:31,2,0,0
BRDA:31,2,1,11
BRDA:31,3,0,11
BRDA:31,3,1,11
BRDA:36,4,0,0
BRDA:36,4,1,0
BRDA:36,5,0,0
BRDA:36,5,1,0
BRDA:36,5,2,0
BRDA:44,6,0,1
BRDA:44,6,1,10
BRDA:45,7,0,11
BRDA:45,7,1,10
BRDA:45,7,2,10
BRDA:51,8,0,0
BRDA:51,8,1,10
BRDA:52,9,0,10
BRDA:52,9,1,0
BRDA:52,9,2,0
BRDA:63,10,0,6
BRDA:63,10,1,5
BRDA:66,11,0,0
BRDA:66,11,1,1
BRDA:66,12,0,1
BRDA:66,12,1,1
BRDA:78,13,0,6
BRDA:78,13,1,5
BRF:31
BRH:20
end_of_record
TN:
SF:src/components/TypingIndicator.jsx
FN:3,(anonymous_0)
FNF:1
FNH:1
FNDA:2,(anonymous_0)
DA:3,3
DA:4,2
LF:2
LH:2
BRF:0
BRH:0
end_of_record
TN:
SF:src/components/dashboard/DashboardLayout.jsx
FN:6,DashboardLayout
FNF:1
FNH:0
FNDA:0,DashboardLayout
DA:7,0
LF:1
LH:0
BRF:0
BRH:0
end_of_record
TN:
SF:src/components/dashboard/Sidebar.jsx
FN:5,Sidebar
FN:9,(anonymous_1)
FN:39,(anonymous_2)
FN:61,(anonymous_3)
FNF:4
FNH:0
FNDA:0,Sidebar
FNDA:0,(anonymous_1)
FNDA:0,(anonymous_2)
FNDA:0,(anonymous_3)
DA:6,0
DA:7,0
DA:9,0
DA:10,0
DA:11,0
DA:14,0
DA:39,0
DA:61,0
LF:8
LH:0
BRDA:39,0,0,0
BRDA:39,0,1,0
BRDA:61,1,0,0
BRDA:61,1,1,0
BRF:4
BRH:0
end_of_record
TN:
SF:src/components/dashboard/TopNavbar.jsx
FN:4,TopNavbar
FN:7,(anonymous_1)
FNF:2
FNH:0
FNDA:0,TopNavbar
FNDA:0,(anonymous_1)
DA:5,0
DA:7,0
DA:8,0
DA:10,0
DA:12,0
DA:14,0
DA:18,0
LF:7
LH:0
BRDA:8,0,0,0
BRDA:8,0,1,0
BRDA:8,0,2,0
BRF:3
BRH:0
end_of_record
TN:
SF:src/context/AuthContext.jsx
FN:6,(anonymous_0)
FN:8,(anonymous_1)
FN:9,(anonymous_2)
FN:11,(anonymous_3)
FN:12,(anonymous_4)
FN:17,(anonymous_5)
FNF:6
FNH:5
FNDA:8,(anonymous_0)
FNDA:4,(anonymous_1)
FNDA:3,(anonymous_2)
FNDA:4,(anonymous_3)
FNDA:1,(anonymous_4)
FNDA:0,(anonymous_5)
DA:3,3
DA:6,8
DA:8,3
DA:9,4
DA:11,4
DA:12,4
DA:13,1
DA:14,1
DA:17,4
DA:18,0
DA:19,0
DA:22,4
DA:25,4
LF:13
LH:11
BRF:0
BRH:0
end_of_record
TN:
SF:src/pages/Chatbot.jsx
FN:8,App
FN:18,(anonymous_1)
FN:22,(anonymous_2)
FN:27,(anonymous_3)
FN:28,(anonymous_4)
FN:59,(anonymous_5)
FN:69,(anonymous_6)
FN:95,(anonymous_7)
FN:107,(anonymous_8)
FN:120,(anonymous_9)
FN:158,(anonymous_10)
FN:192,(anonymous_11)
FNF:12
FNH:10
FNDA:7,App
FNDA:6,(anonymous_1)
FNDA:6,(anonymous_2)
FNDA:2,(anonymous_3)
FNDA:2,(anonymous_4)
FNDA:1,(anonymous_5)
FNDA:1,(anonymous_6)
FNDA:1,(anonymous_7)
FNDA:0,(anonymous_8)
FNDA:0,(anonymous_9)
FNDA:8,(anonymous_10)
FNDA:1,(anonymous_11)
DA:6,2
DA:9,7
DA:10,7
DA:11,7
DA:12,7
DA:13,7
DA:15,7
DA:18,7
DA:19,6
DA:22,7
DA:23,6
DA:27,7
DA:28,2
DA:29,2
DA:30,2
DA:37,2
DA:39,2
DA:40,2
DA:43,2
DA:51,0
DA:52,0
DA:56,2
DA:59,7
DA:60,1
DA:61,1
DA:63,1
DA:64,1
DA:66,1
DA:69,1
DA:77,1
DA:79,1
DA:80,1
DA:91,1
DA:93,1
DA:95,1
DA:104,0
DA:105,0
DA:107,0
DA:116,1
DA:120,7
DA:121,0
DA:122,0
DA:126,7
DA:160,8
DA:161,8
DA:192,1
LF:46
LH:39
BRDA:37,0,0,0
BRDA:37,0,1,2
BRDA:45,1,0,2
BRDA:45,1,1,0
BRDA:60,2,0,0
BRDA:60,2,1,1
BRDA:61,3,0,0
BRDA:61,3,1,1
BRDA:61,4,0,1
BRDA:61,4,1,1
BRDA:61,4,2,1
BRDA:63,5,0,1
BRDA:63,5,1,0
BRDA:72,6,0,1
BRDA:72,6,1,0
BRDA:91,7,0,0
BRDA:91,7,1,1
BRDA:98,8,0,1
BRDA:98,8,1,0
BRDA:110,9,0,0
BRDA:110,9,1,0
BRDA:121,10,0,0
BRDA:121,10,1,0
BRDA:160,11,0,8
BRDA:160,11,1,6
BRDA:164,12,0,8
BRDA:164,12,1,6
BRDA:168,13,0,6
BRDA:168,13,1,4
BRDA:174,14,0,7
BRDA:174,14,1,1
BRDA:175,15,0,7
BRDA:175,15,1,0
BRDA:195,16,0,7
BRDA:195,16,1,5
BRDA:201,17,0,7
BRDA:201,17,1,1
BRDA:201,17,2,1
BRF:38
BRH:25
end_of_record
TN:
SF:src/pages/ProviderDashboard.jsx
FN:6,ProviderDashboard
FN:13,(anonymous_1)
FN:14,(anonymous_2)
FN:139,(anonymous_3)
FNF:4
FNH:4
FNDA:2,ProviderDashboard
FNDA:1,(anonymous_1)
FNDA:1,(anonymous_2)
FNDA:1,(anonymous_3)
DA:4,2
DA:7,2
DA:8,2
DA:9,2
DA:10,2
DA:11,2
DA:13,2
DA:14,1
DA:15,1
DA:16,1
DA:18,1
DA:21,1
DA:22,1
DA:23,1
DA:26,1
DA:29,1
DA:30,1
DA:31,1
DA:33,0
DA:35,1
DA:39,1
DA:40,1
DA:44,2
DA:45,1
DA:48,1
DA:49,0
DA:52,1
DA:140,1
LF:28
LH:26
BRDA:21,0,0,0
BRDA:21,0,1,1
BRDA:29,1,0,0
BRDA:29,1,1,1
BRDA:31,2,0,1
BRDA:31,2,1,0
BRDA:39,3,0,1
BRDA:39,3,1,0
BRDA:44,4,0,1
BRDA:44,4,1,1
BRDA:48,5,0,0
BRDA:48,5,1,1
BRDA:58,6,0,1
BRDA:58,6,1,0
BRDA:82,7,0,2
BRDA:82,7,1,0
BRDA:104,8,0,2
BRDA:104,8,1,0
BRDA:138,9,0,1
BRDA:138,9,1,0
BRDA:146,10,0,1
BRDA:146,10,1,0
BRF:22
BRH:12
end_of_record
TN:
SF:src/pages/ProviderLogin.jsx
FN:7,ProviderLogin
FN:15,(anonymous_1)
FN:84,(anonymous_2)
FN:96,(anonymous_3)
FNF:4
FNH:4
FNDA:6,ProviderLogin
FNDA:1,(anonymous_1)
FNDA:1,(anonymous_2)
FNDA:1,(anonymous_3)
DA:5,2
DA:8,6
DA:9,6
DA:10,6
DA:11,6
DA:12,6
DA:13,6
DA:15,6
DA:16,1
DA:17,1
DA:18,1
DA:20,1
DA:21,1
DA:27,1
DA:28,0
DA:31,1
DA:32,1
DA:33,1
DA:35,0
DA:37,1
DA:41,6
DA:84,1
DA:96,1
LF:23
LH:21
BRDA:27,0,0,0
BRDA:27,0,1,1
BRDA:35,1,0,0
BRDA:35,1,1,0
BRDA:53,2,0,6
BRDA:53,2,1,0
BRDA:107,3,0,1
BRDA:107,3,1,5
BRF:8
BRH:4
end_of_record
TN:
SF:src/pages/Settings.jsx
FN:6,Settings
FN:14,(anonymous_1)
FN:15,(anonymous_2)
FN:33,(anonymous_3)
FN:64,(anonymous_4)
FN:104,(anonymous_5)
FN:114,(anonymous_6)
FN:122,(anonymous_7)
FN:133,(anonymous_8)
FN:141,(anonymous_9)
FNF:10
FNH:0
FNDA:0,Settings
FNDA:0,(anonymous_1)
FNDA:0,(anonymous_2)
FNDA:0,(anonymous_3)
FNDA:0,(anonymous_4)
FNDA:0,(anonymous_5)
FNDA:0,(anonymous_6)
FNDA:0,(anonymous_7)
FNDA:0,(anonymous_8)
FNDA:0,(anonymous_9)
DA:4,1
DA:7,0
DA:8,0
DA:9,0
DA:10,0
DA:11,0
DA:12,0
DA:14,0
DA:15,0
DA:16,0
DA:17,0
DA:20,0
DA:21,0
DA:22,0
DA:24,0
DA:26,0
DA:30,0
DA:33,0
DA:34,0
DA:35,0
DA:36,0
DA:37,0
DA:39,0
DA:40,0
DA:55,0
DA:56,0
DA:58,0
DA:60,0
DA:64,0
DA:65,0
DA:66,0
DA:69,0
DA:70,0
DA:71,0
DA:73,0
DA:77,0
DA:79,0
DA:104,0
DA:114,0
DA:122,0
DA:133,0
DA:142,0
LF:42
LH:1
BRDA:20,0,0,0
BRDA:20,0,1,0
BRDA:30,1,0,0
BRDA:30,1,1,0
BRDA:55,2,0,0
BRDA:55,2,1,0
BRDA:69,3,0,0
BRDA:69,3,1,0
BRDA:77,4,0,0
BRDA:77,4,1,0
BRDA:83,5,0,0
BRDA:83,5,1,0
BRDA:84,6,0,0
BRDA:84,6,1,0
BRDA:103,7,0,0
BRDA:103,7,1,0
BRDA:113,8,0,0
BRDA:113,8,1,0
BRDA:121,9,0,0
BRDA:121,9,1,0
BRDA:132,10,0,0
BRDA:132,10,1,0
BRDA:140,11,0,0
BRDA:140,11,1,0
BRDA:150,12,0,0
BRDA:150,12,1,0
BRF:26
BRH:0
end_of_record
